This file contains any messages produced by compilers while
running configure, to aid debugging if configure makes a mistake.

It was created by CUnit configure 2.1-3, which was
generated by GNU Autoconf 2.69.  Invocation command line was

  $ ./configure 

## --------- ##
## Platform. ##
## --------- ##

hostname = vbcspc51
uname -m = x86_64
uname -r = 3.13.0-63-generic
uname -s = Linux
uname -v = #103-Ubuntu SMP Fri Aug 14 21:42:59 UTC 2015

/usr/bin/uname -p = unknown
/bin/uname -X     = unknown

/bin/arch              = unknown
/usr/bin/arch -k       = unknown
/usr/convex/getsysinfo = unknown
/usr/bin/hostinfo      = unknown
/bin/machine           = unknown
/usr/bin/oslevel       = unknown
/bin/universe          = unknown

PATH: /bin
PATH: /usr/bin
PATH: /usr/X11R6/bin
PATH: /usr/local/bin


## ----------- ##
## Core tests. ##
## ----------- ##

configure:2290: checking for a BSD-compatible install
configure:2358: result: /usr/bin/install -c
configure:2369: checking whether build environment is sane
configure:2424: result: yes
configure:2462: WARNING: 'missing' script is too old or missing
configure:2575: checking for a thread-safe mkdir -p
configure:2614: result: /bin/mkdir -p
configure:2621: checking for gawk
configure:2651: result: no
configure:2621: checking for mawk
configure:2637: found /usr/bin/mawk
configure:2648: result: mawk
configure:2659: checking whether make sets $(MAKE)
configure:2681: result: yes
configure:2710: checking whether make supports nested variables
configure:2727: result: yes
configure:3106: checking for gcc
configure:3122: found /usr/bin/gcc
configure:3133: result: gcc
configure:3362: checking for C compiler version
configure:3371: gcc --version >&5
gcc (Ubuntu 4.8.4-2ubuntu1~14.04) 4.8.4
Copyright (C) 2013 Free Software Foundation, Inc.
This is free software; see the source for copying conditions.  There is NO
warranty; not even for MERCHANTABILITY or FITNESS FOR A PARTICULAR PURPOSE.

configure:3382: $? = 0
configure:3371: gcc -v >&5
Using built-in specs.
COLLECT_GCC=gcc
COLLECT_LTO_WRAPPER=/usr/lib/gcc/x86_64-linux-gnu/4.8/lto-wrapper
Target: x86_64-linux-gnu
Configured with: ../src/configure -v --with-pkgversion='Ubuntu 4.8.4-2ubuntu1~14.04' --with-bugurl=file:///usr/share/doc/gcc-4.8/README.Bugs --enable-languages=c,c++,java,go,d,fortran,objc,obj-c++ --prefix=/usr --program-suffix=-4.8 --enable-shared --enable-linker-build-id --libexecdir=/usr/lib --without-included-gettext --enable-threads=posix --with-gxx-include-dir=/usr/include/c++/4.8 --libdir=/usr/lib --enable-nls --with-sysroot=/ --enable-clocale=gnu --enable-libstdcxx-debug --enable-libstdcxx-time=yes --enable-gnu-unique-object --disable-libmudflap --enable-plugin --with-system-zlib --disable-browser-plugin --enable-java-awt=gtk --enable-gtk-cairo --with-java-home=/usr/lib/jvm/java-1.5.0-gcj-4.8-amd64/jre --enable-java-home --with-jvm-root-dir=/usr/lib/jvm/java-1.5.0-gcj-4.8-amd64 --with-jvm-jar-dir=/usr/lib/jvm-exports/java-1.5.0-gcj-4.8-amd64 --with-arch-directory=amd64 --with-ecj-jar=/usr/share/java/eclipse-ecj.jar --enable-objc-gc --enable-multiarch --disable-werror --with-arch-32=i686 --with-abi=m64 --with-multilib-list=m32,m64,mx32 --with-tune=generic --enable-checking=release --build=x86_64-linux-gnu --host=x86_64-linux-gnu --target=x86_64-linux-gnu
Thread model: posix
gcc version 4.8.4 (Ubuntu 4.8.4-2ubuntu1~14.04) 
configure:3382: $? = 0
configure:3371: gcc -V >&5
gcc: error: unrecognized command line option '-V'
gcc: fatal error: no input files
compilation terminated.
configure:3382: $? = 4
configure:3371: gcc -qversion >&5
gcc: error: unrecognized command line option '-qversion'
gcc: fatal error: no input files
compilation terminated.
configure:3382: $? = 4
configure:3402: checking whether the C compiler works
configure:3424: gcc  -DRELEASE=@RELEASE@ -Wall -W -pedantic -Wshadow -ansi -I/home/jens/workspace/CUnit_Testing/CUnit/CUnit/Headers -std=c99   -L/home/jens/workspace/CUnit_Testing/CUnit/CUnit/Sources conftest.c  >&5
configure:3428: $? = 0
configure:3476: result: yes
configure:3479: checking for C compiler default output file name
configure:3481: result: a.out
configure:3487: checking for suffix of executables
configure:3494: gcc -o conftest  -DRELEASE=@RELEASE@ -Wall -W -pedantic -Wshadow -ansi -I/home/jens/workspace/CUnit_Testing/CUnit/CUnit/Headers -std=c99   -L/home/jens/workspace/CUnit_Testing/CUnit/CUnit/Sources conftest.c  >&5
configure:3498: $? = 0
configure:3520: result: 
configure:3542: checking whether we are cross compiling
configure:3550: gcc -o conftest  -DRELEASE=@RELEASE@ -Wall -W -pedantic -Wshadow -ansi -I/home/jens/workspace/CUnit_Testing/CUnit/CUnit/Headers -std=c99   -L/home/jens/workspace/CUnit_Testing/CUnit/CUnit/Sources conftest.c  >&5
configure:3554: $? = 0
configure:3561: ./conftest
configure:3565: $? = 0
configure:3580: result: no
configure:3585: checking for suffix of object files
configure:3607: gcc -c  -DRELEASE=@RELEASE@ -Wall -W -pedantic -Wshadow -ansi -I/home/jens/workspace/CUnit_Testing/CUnit/CUnit/Headers -std=c99  conftest.c >&5
configure:3611: $? = 0
configure:3632: result: o
configure:3636: checking whether we are using the GNU C compiler
configure:3655: gcc -c  -DRELEASE=@RELEASE@ -Wall -W -pedantic -Wshadow -ansi -I/home/jens/workspace/CUnit_Testing/CUnit/CUnit/Headers -std=c99  conftest.c >&5
configure:3655: $? = 0
configure:3664: result: yes
configure:3673: checking whether gcc accepts -g
configure:3693: gcc -c -g  conftest.c >&5
configure:3693: $? = 0
configure:3734: result: yes
configure:3751: checking for gcc option to accept ISO C89
configure:3814: gcc  -c  -DRELEASE=@RELEASE@ -Wall -W -pedantic -Wshadow -ansi -I/home/jens/workspace/CUnit_Testing/CUnit/CUnit/Headers -std=c99  conftest.c >&5
configure:3814: $? = 0
configure:3827: result: none needed
configure:3852: checking whether gcc understands -c and -o together
configure:3874: gcc -c conftest.c -o conftest2.o
configure:3877: $? = 0
configure:3874: gcc -c conftest.c -o conftest2.o
configure:3877: $? = 0
configure:3889: result: yes
configure:3917: checking for style of include used by make
configure:3945: result: GNU
configure:3971: checking dependency style of gcc
configure:4082: result: gcc3
configure:4098: checking whether make sets $(MAKE)
configure:4120: result: yes
configure:4158: checking build system type
configure:4172: result: x86_64-unknown-linux-gnu
configure:4192: checking host system type
configure:4205: result: x86_64-unknown-linux-gnu
configure:4246: checking how to print strings
configure:4273: result: printf
configure:4294: checking for a sed that does not truncate output
configure:4358: result: /bin/sed
configure:4376: checking for grep that handles long lines and -e
configure:4434: result: /bin/grep
configure:4439: checking for egrep
configure:4501: result: /bin/grep -E
configure:4506: checking for fgrep
configure:4568: result: /bin/grep -F
configure:4603: checking for ld used by gcc
configure:4670: result: /usr/bin/ld
configure:4677: checking if the linker (/usr/bin/ld) is GNU ld
configure:4692: result: yes
configure:4704: checking for BSD- or MS-compatible name lister (nm)
configure:4753: result: /usr/bin/nm -B
configure:4883: checking the name lister (/usr/bin/nm -B) interface
configure:4890: gcc -c  -DRELEASE=@RELEASE@ -Wall -W -pedantic -Wshadow -ansi -I/home/jens/workspace/CUnit_Testing/CUnit/CUnit/Headers -std=c99  conftest.c >&5
configure:4893: /usr/bin/nm -B "conftest.o"
configure:4896: output
0000000000000000 B some_variable
configure:4903: result: BSD nm
configure:4906: checking whether ln -s works
configure:4910: result: yes
configure:4918: checking the maximum length of command line arguments
configure:5049: result: 3458764513820540925
configure:5066: checking whether the shell understands some XSI constructs
configure:5076: result: yes
configure:5080: checking whether the shell understands "+="
configure:5086: result: yes
configure:5121: checking how to convert x86_64-unknown-linux-gnu file names to x86_64-unknown-linux-gnu format
configure:5161: result: func_convert_file_noop
configure:5168: checking how to convert x86_64-unknown-linux-gnu file names to toolchain format
configure:5188: result: func_convert_file_noop
configure:5195: checking for /usr/bin/ld option to reload object files
configure:5202: result: -r
configure:5276: checking for objdump
configure:5292: found /usr/bin/objdump
configure:5303: result: objdump
configure:5335: checking how to recognize dependent libraries
configure:5533: result: pass_all
configure:5618: checking for dlltool
configure:5648: result: no
configure:5678: checking how to associate runtime and link libraries
configure:5705: result: printf %s\n
configure:5766: checking for ar
configure:5782: found /usr/bin/ar
configure:5793: result: ar
configure:5830: checking for archiver @FILE support
configure:5847: gcc -c  -DRELEASE=@RELEASE@ -Wall -W -pedantic -Wshadow -ansi -I/home/jens/workspace/CUnit_Testing/CUnit/CUnit/Headers -std=c99  conftest.c >&5
configure:5847: $? = 0
configure:5850: ar cru libconftest.a @conftest.lst >&5
configure:5853: $? = 0
configure:5858: ar cru libconftest.a @conftest.lst >&5
ar: conftest.o: No such file or directory
configure:5861: $? = 1
configure:5873: result: @
configure:5931: checking for strip
configure:5947: found /usr/bin/strip
configure:5958: result: strip
configure:6030: checking for ranlib
configure:6046: found /usr/bin/ranlib
configure:6057: result: ranlib
configure:6159: checking command to parse /usr/bin/nm -B output from gcc object
configure:6279: gcc -c  -DRELEASE=@RELEASE@ -Wall -W -pedantic -Wshadow -ansi -I/home/jens/workspace/CUnit_Testing/CUnit/CUnit/Headers -std=c99  conftest.c >&5
configure:6282: $? = 0
configure:6286: /usr/bin/nm -B conftest.o \| sed -n -e 's/^.*[ ]\([ABCDGIRSTW][ABCDGIRSTW]*\)[ ][ ]*\([_A-Za-z][_A-Za-z0-9]*\)$/\1 \2 \2/p' | sed '/ __gnu_lto/d' \> conftest.nm
configure:6289: $? = 0
configure:6355: gcc -o conftest  -DRELEASE=@RELEASE@ -Wall -W -pedantic -Wshadow -ansi -I/home/jens/workspace/CUnit_Testing/CUnit/CUnit/Headers -std=c99   -L/home/jens/workspace/CUnit_Testing/CUnit/CUnit/Sources conftest.c conftstm.o >&5
conftest.c:29:20: warning: ISO C forbids conversion of function pointer to object pointer type [-Wpedantic]
   {"nm_test_func", (void *) &nm_test_func},
                    ^
configure:6358: $? = 0
configure:6396: result: ok
configure:6433: checking for sysroot
configure:6463: result: no
configure:6540: gcc -c  -DRELEASE=@RELEASE@ -Wall -W -pedantic -Wshadow -ansi -I/home/jens/workspace/CUnit_Testing/CUnit/CUnit/Headers -std=c99  conftest.c >&5
configure:6543: $? = 0
configure:6732: checking for mt
configure:6748: found /bin/mt
configure:6759: result: mt
configure:6782: checking if mt is a manifest tool
configure:6788: mt '-?'
configure:6796: result: no
configure:7438: checking how to run the C preprocessor
configure:7469: gcc -E  conftest.c
configure:7469: $? = 0
configure:7483: gcc -E  conftest.c
conftest.c:11:28: fatal error: ac_nonexistent.h: No such file or directory
 #include <ac_nonexistent.h>
                            ^
compilation terminated.
configure:7483: $? = 1
configure: failed program was:
| /* confdefs.h */
| #define PACKAGE_NAME "CUnit"
| #define PACKAGE_TARNAME "cunit"
| #define PACKAGE_VERSION "2.1-3"
| #define PACKAGE_STRING "CUnit 2.1-3"
| #define PACKAGE_BUGREPORT ""
| #define PACKAGE_URL ""
| #define PACKAGE "CUnit"
| #define VERSION "2.1-3"
| /* end confdefs.h.  */
| #include <ac_nonexistent.h>
configure:7508: result: gcc -E
configure:7528: gcc -E  conftest.c
configure:7528: $? = 0
configure:7542: gcc -E  conftest.c
conftest.c:11:28: fatal error: ac_nonexistent.h: No such file or directory
 #include <ac_nonexistent.h>
                            ^
compilation terminated.
configure:7542: $? = 1
configure: failed program was:
| /* confdefs.h */
| #define PACKAGE_NAME "CUnit"
| #define PACKAGE_TARNAME "cunit"
| #define PACKAGE_VERSION "2.1-3"
| #define PACKAGE_STRING "CUnit 2.1-3"
| #define PACKAGE_BUGREPORT ""
| #define PACKAGE_URL ""
| #define PACKAGE "CUnit"
| #define VERSION "2.1-3"
| /* end confdefs.h.  */
| #include <ac_nonexistent.h>
configure:7571: checking for ANSI C header files
configure:7591: gcc -c  -DRELEASE=@RELEASE@ -Wall -W -pedantic -Wshadow -ansi -I/home/jens/workspace/CUnit_Testing/CUnit/CUnit/Headers -std=c99  conftest.c >&5
configure:7591: $? = 0
configure:7664: gcc -o conftest  -DRELEASE=@RELEASE@ -Wall -W -pedantic -Wshadow -ansi -I/home/jens/workspace/CUnit_Testing/CUnit/CUnit/Headers -std=c99   -L/home/jens/workspace/CUnit_Testing/CUnit/CUnit/Sources conftest.c  >&5
configure:7664: $? = 0
configure:7664: ./conftest
configure:7664: $? = 0
configure:7675: result: yes
configure:7688: checking for sys/types.h
configure:7688: gcc -c  -DRELEASE=@RELEASE@ -Wall -W -pedantic -Wshadow -ansi -I/home/jens/workspace/CUnit_Testing/CUnit/CUnit/Headers -std=c99  conftest.c >&5
configure:7688: $? = 0
configure:7688: result: yes
configure:7688: checking for sys/stat.h
configure:7688: gcc -c  -DRELEASE=@RELEASE@ -Wall -W -pedantic -Wshadow -ansi -I/home/jens/workspace/CUnit_Testing/CUnit/CUnit/Headers -std=c99  conftest.c >&5
configure:7688: $? = 0
configure:7688: result: yes
configure:7688: checking for stdlib.h
configure:7688: gcc -c  -DRELEASE=@RELEASE@ -Wall -W -pedantic -Wshadow -ansi -I/home/jens/workspace/CUnit_Testing/CUnit/CUnit/Headers -std=c99  conftest.c >&5
configure:7688: $? = 0
configure:7688: result: yes
configure:7688: checking for string.h
configure:7688: gcc -c  -DRELEASE=@RELEASE@ -Wall -W -pedantic -Wshadow -ansi -I/home/jens/workspace/CUnit_Testing/CUnit/CUnit/Headers -std=c99  conftest.c >&5
configure:7688: $? = 0
configure:7688: result: yes
configure:7688: checking for memory.h
configure:7688: gcc -c  -DRELEASE=@RELEASE@ -Wall -W -pedantic -Wshadow -ansi -I/home/jens/workspace/CUnit_Testing/CUnit/CUnit/Headers -std=c99  conftest.c >&5
configure:7688: $? = 0
configure:7688: result: yes
configure:7688: checking for strings.h
configure:7688: gcc -c  -DRELEASE=@RELEASE@ -Wall -W -pedantic -Wshadow -ansi -I/home/jens/workspace/CUnit_Testing/CUnit/CUnit/Headers -std=c99  conftest.c >&5
configure:7688: $? = 0
configure:7688: result: yes
configure:7688: checking for inttypes.h
configure:7688: gcc -c  -DRELEASE=@RELEASE@ -Wall -W -pedantic -Wshadow -ansi -I/home/jens/workspace/CUnit_Testing/CUnit/CUnit/Headers -std=c99  conftest.c >&5
configure:7688: $? = 0
configure:7688: result: yes
configure:7688: checking for stdint.h
configure:7688: gcc -c  -DRELEASE=@RELEASE@ -Wall -W -pedantic -Wshadow -ansi -I/home/jens/workspace/CUnit_Testing/CUnit/CUnit/Headers -std=c99  conftest.c >&5
configure:7688: $? = 0
configure:7688: result: yes
configure:7688: checking for unistd.h
configure:7688: gcc -c  -DRELEASE=@RELEASE@ -Wall -W -pedantic -Wshadow -ansi -I/home/jens/workspace/CUnit_Testing/CUnit/CUnit/Headers -std=c99  conftest.c >&5
configure:7688: $? = 0
configure:7688: result: yes
configure:7702: checking for dlfcn.h
configure:7702: gcc -c  -DRELEASE=@RELEASE@ -Wall -W -pedantic -Wshadow -ansi -I/home/jens/workspace/CUnit_Testing/CUnit/CUnit/Headers -std=c99  conftest.c >&5
configure:7702: $? = 0
configure:7702: result: yes
configure:7908: checking for objdir
configure:7923: result: .libs
configure:8190: checking if gcc supports -fno-rtti -fno-exceptions
configure:8208: gcc -c  -DRELEASE=@RELEASE@ -Wall -W -pedantic -Wshadow -ansi -I/home/jens/workspace/CUnit_Testing/CUnit/CUnit/Headers -std=c99  -fno-rtti -fno-exceptions conftest.c >&5
cc1: warning: command line option '-fno-rtti' is valid for C++/ObjC++ but not for C [enabled by default]
configure:8212: $? = 0
configure:8225: result: no
configure:8552: checking for gcc option to produce PIC
configure:8559: result: -fPIC -DPIC
configure:8567: checking if gcc PIC flag -fPIC -DPIC works
configure:8585: gcc -c  -DRELEASE=@RELEASE@ -Wall -W -pedantic -Wshadow -ansi -I/home/jens/workspace/CUnit_Testing/CUnit/CUnit/Headers -std=c99  -fPIC -DPIC -DPIC conftest.c >&5
configure:8589: $? = 0
configure:8602: result: yes
configure:8631: checking if gcc static flag -static works
configure:8659: result: yes
configure:8674: checking if gcc supports -c -o file.o
configure:8695: gcc -c  -DRELEASE=@RELEASE@ -Wall -W -pedantic -Wshadow -ansi -I/home/jens/workspace/CUnit_Testing/CUnit/CUnit/Headers -std=c99  -o out/conftest2.o conftest.c >&5
configure:8699: $? = 0
configure:8721: result: yes
configure:8729: checking if gcc supports -c -o file.o
configure:8776: result: yes
configure:8809: checking whether the gcc linker (/usr/bin/ld -m elf_x86_64) supports shared libraries
configure:9966: result: yes
configure:10003: checking whether -lc should be explicitly linked in
configure:10011: gcc -c  -DRELEASE=@RELEASE@ -Wall -W -pedantic -Wshadow -ansi -I/home/jens/workspace/CUnit_Testing/CUnit/CUnit/Headers -std=c99  conftest.c >&5
configure:10014: $? = 0
configure:10029: gcc -shared  -fPIC -DPIC conftest.o  -v -Wl,-soname -Wl,conftest -o conftest 2\>\&1 \| /bin/grep  -lc  \>/dev/null 2\>\&1
configure:10032: $? = 0
configure:10046: result: no
configure:10206: checking dynamic linker characteristics
configure:10706: gcc -o conftest  -DRELEASE=@RELEASE@ -Wall -W -pedantic -Wshadow -ansi -I/home/jens/workspace/CUnit_Testing/CUnit/CUnit/Headers -std=c99   -L/home/jens/workspace/CUnit_Testing/CUnit/CUnit/Sources -Wl,-rpath -Wl,/foo conftest.c  >&5
configure:10706: $? = 0
configure:10940: result: GNU/Linux ld.so
configure:11047: checking how to hardcode library paths into programs
configure:11072: result: immediate
configure:11612: checking whether stripping libraries is possible
configure:11617: result: yes
configure:11652: checking if libtool supports shared libraries
configure:11654: result: yes
configure:11657: checking whether to build shared libraries
configure:11678: result: yes
configure:11681: checking whether to build static libraries
configure:11685: result: yes
configure:11723: checking for main in -lc
configure:11742: gcc -o conftest  -DRELEASE=@RELEASE@ -Wall -W -pedantic -Wshadow -ansi -I/home/jens/workspace/CUnit_Testing/CUnit/CUnit/Headers -std=c99   -L/home/jens/workspace/CUnit_Testing/CUnit/CUnit/Sources conftest.c -lc   >&5
configure:11742: $? = 0
configure:11751: result: yes
configure:11868: checking for malloc
configure:11868: gcc -o conftest  -DRELEASE=@RELEASE@ -Wall -W -pedantic -Wshadow -ansi -I/home/jens/workspace/CUnit_Testing/CUnit/CUnit/Headers -std=c99   -L/home/jens/workspace/CUnit_Testing/CUnit/CUnit/Sources conftest.c -lc  >&5
conftest.c:47:6: warning: conflicting types for built-in function 'malloc' [enabled by default]
 char malloc ();
      ^
configure:11868: $? = 0
configure:11868: result: yes
configure:11875: checking for free
configure:11875: gcc -o conftest  -DRELEASE=@RELEASE@ -Wall -W -pedantic -Wshadow -ansi -I/home/jens/workspace/CUnit_Testing/CUnit/CUnit/Headers -std=c99   -L/home/jens/workspace/CUnit_Testing/CUnit/CUnit/Sources conftest.c -lc  >&5
conftest.c:47:6: warning: conflicting types for built-in function 'free' [enabled by default]
 char free ();
      ^
configure:11875: $? = 0
configure:11875: result: yes
configure:11882: checking for calloc
configure:11882: gcc -o conftest  -DRELEASE=@RELEASE@ -Wall -W -pedantic -Wshadow -ansi -I/home/jens/workspace/CUnit_Testing/CUnit/CUnit/Headers -std=c99   -L/home/jens/workspace/CUnit_Testing/CUnit/CUnit/Sources conftest.c -lc  >&5
conftest.c:47:6: warning: conflicting types for built-in function 'calloc' [enabled by default]
 char calloc ();
      ^
configure:11882: $? = 0
configure:11882: result: yes
configure:11889: checking for realloc
configure:11889: gcc -o conftest  -DRELEASE=@RELEASE@ -Wall -W -pedantic -Wshadow -ansi -I/home/jens/workspace/CUnit_Testing/CUnit/CUnit/Headers -std=c99   -L/home/jens/workspace/CUnit_Testing/CUnit/CUnit/Sources conftest.c -lc  >&5
conftest.c:47:6: warning: conflicting types for built-in function 'realloc' [enabled by default]
 char realloc ();
      ^
configure:11889: $? = 0
configure:11889: result: yes
configure:11897: checking for strcpy
configure:11897: gcc -o conftest  -DRELEASE=@RELEASE@ -Wall -W -pedantic -Wshadow -ansi -I/home/jens/workspace/CUnit_Testing/CUnit/CUnit/Headers -std=c99   -L/home/jens/workspace/CUnit_Testing/CUnit/CUnit/Sources conftest.c -lc  >&5
conftest.c:47:6: warning: conflicting types for built-in function 'strcpy' [enabled by default]
 char strcpy ();
      ^
configure:11897: $? = 0
configure:11897: result: yes
configure:11904: checking for strerror
configure:11904: gcc -o conftest  -DRELEASE=@RELEASE@ -Wall -W -pedantic -Wshadow -ansi -I/home/jens/workspace/CUnit_Testing/CUnit/CUnit/Headers -std=c99   -L/home/jens/workspace/CUnit_Testing/CUnit/CUnit/Sources conftest.c -lc  >&5
configure:11904: $? = 0
configure:11904: result: yes
configure:11912: checking for fopen
configure:11912: gcc -o conftest  -DRELEASE=@RELEASE@ -Wall -W -pedantic -Wshadow -ansi -I/home/jens/workspace/CUnit_Testing/CUnit/CUnit/Headers -std=c99   -L/home/jens/workspace/CUnit_Testing/CUnit/CUnit/Sources conftest.c -lc  >&5
configure:11912: $? = 0
configure:11912: result: yes
configure:11919: checking for fclose
configure:11919: gcc -o conftest  -DRELEASE=@RELEASE@ -Wall -W -pedantic -Wshadow -ansi -I/home/jens/workspace/CUnit_Testing/CUnit/CUnit/Headers -std=c99   -L/home/jens/workspace/CUnit_Testing/CUnit/CUnit/Sources conftest.c -lc  >&5
configure:11919: $? = 0
configure:11919: result: yes
configure:11926: checking for fprintf
configure:11926: gcc -o conftest  -DRELEASE=@RELEASE@ -Wall -W -pedantic -Wshadow -ansi -I/home/jens/workspace/CUnit_Testing/CUnit/CUnit/Headers -std=c99   -L/home/jens/workspace/CUnit_Testing/CUnit/CUnit/Sources conftest.c -lc  >&5
conftest.c:47:6: warning: conflicting types for built-in function 'fprintf' [enabled by default]
 char fprintf ();
      ^
configure:11926: $? = 0
configure:11926: result: yes
configure:11933: checking for snprintf
configure:11933: gcc -o conftest  -DRELEASE=@RELEASE@ -Wall -W -pedantic -Wshadow -ansi -I/home/jens/workspace/CUnit_Testing/CUnit/CUnit/Headers -std=c99   -L/home/jens/workspace/CUnit_Testing/CUnit/CUnit/Sources conftest.c -lc  >&5
conftest.c:47:6: warning: conflicting types for built-in function 'snprintf' [enabled by default]
 char snprintf ();
      ^
configure:11933: $? = 0
configure:11933: result: yes
configure:11940: checking for setvbuf
configure:11940: gcc -o conftest  -DRELEASE=@RELEASE@ -Wall -W -pedantic -Wshadow -ansi -I/home/jens/workspace/CUnit_Testing/CUnit/CUnit/Headers -std=c99   -L/home/jens/workspace/CUnit_Testing/CUnit/CUnit/Sources conftest.c -lc  >&5
configure:11940: $? = 0
configure:11940: result: yes
configure:11948: checking for time
configure:11948: gcc -o conftest  -DRELEASE=@RELEASE@ -Wall -W -pedantic -Wshadow -ansi -I/home/jens/workspace/CUnit_Testing/CUnit/CUnit/Headers -std=c99   -L/home/jens/workspace/CUnit_Testing/CUnit/CUnit/Sources conftest.c -lc  >&5
configure:11948: $? = 0
configure:11948: result: yes
configure:11955: checking for ctime
configure:11955: gcc -o conftest  -DRELEASE=@RELEASE@ -Wall -W -pedantic -Wshadow -ansi -I/home/jens/workspace/CUnit_Testing/CUnit/CUnit/Headers -std=c99   -L/home/jens/workspace/CUnit_Testing/CUnit/CUnit/Sources conftest.c -lc  >&5
configure:11955: $? = 0
configure:11955: result: yes
configure:11963: checking for ANSI C header files
configure:12067: result: yes
configure:12077: checking assert.h usability
configure:12077: gcc -c  -DRELEASE=@RELEASE@ -Wall -W -pedantic -Wshadow -ansi -I/home/jens/workspace/CUnit_Testing/CUnit/CUnit/Headers -std=c99  conftest.c >&5
configure:12077: $? = 0
configure:12077: result: yes
configure:12077: checking assert.h presence
configure:12077: gcc -E  conftest.c
configure:12077: $? = 0
configure:12077: result: yes
configure:12077: checking for assert.h
configure:12077: result: yes
configure:12089: checking ctype.h usability
configure:12089: gcc -c  -DRELEASE=@RELEASE@ -Wall -W -pedantic -Wshadow -ansi -I/home/jens/workspace/CUnit_Testing/CUnit/CUnit/Headers -std=c99  conftest.c >&5
configure:12089: $? = 0
configure:12089: result: yes
configure:12089: checking ctype.h presence
configure:12089: gcc -E  conftest.c
configure:12089: $? = 0
configure:12089: result: yes
configure:12089: checking for ctype.h
configure:12089: result: yes
configure:12101: checking math.h usability
configure:12101: gcc -c  -DRELEASE=@RELEASE@ -Wall -W -pedantic -Wshadow -ansi -I/home/jens/workspace/CUnit_Testing/CUnit/CUnit/Headers -std=c99  conftest.c >&5
configure:12101: $? = 0
configure:12101: result: yes
configure:12101: checking math.h presence
configure:12101: gcc -E  conftest.c
configure:12101: $? = 0
configure:12101: result: yes
configure:12101: checking for math.h
configure:12101: result: yes
configure:12113: checking file.h usability
configure:12113: gcc -c  -DRELEASE=@RELEASE@ -Wall -W -pedantic -Wshadow -ansi -I/home/jens/workspace/CUnit_Testing/CUnit/CUnit/Headers -std=c99  conftest.c >&5
conftest.c:61:18: fatal error: file.h: No such file or directory
 #include <file.h>
                  ^
compilation terminated.
configure:12113: $? = 1
configure: failed program was:
| /* confdefs.h */
| #define PACKAGE_NAME "CUnit"
| #define PACKAGE_TARNAME "cunit"
| #define PACKAGE_VERSION "2.1-3"
| #define PACKAGE_STRING "CUnit 2.1-3"
| #define PACKAGE_BUGREPORT ""
| #define PACKAGE_URL ""
| #define PACKAGE "CUnit"
| #define VERSION "2.1-3"
| #define STDC_HEADERS 1
| #define HAVE_SYS_TYPES_H 1
| #define HAVE_SYS_STAT_H 1
| #define HAVE_STDLIB_H 1
| #define HAVE_STRING_H 1
| #define HAVE_MEMORY_H 1
| #define HAVE_STRINGS_H 1
| #define HAVE_INTTYPES_H 1
| #define HAVE_STDINT_H 1
| #define HAVE_UNISTD_H 1
| #define HAVE_DLFCN_H 1
| #define LT_OBJDIR ".libs/"
| #define HAVE_LIBC 1
| #define STDC_HEADERS 1
| #define HAVE_ASSERT_H 1
| #define HAVE_CTYPE_H 1
| #define HAVE_MATH_H 1
| /* end confdefs.h.  */
| #include <stdio.h>
| #ifdef HAVE_SYS_TYPES_H
| # include <sys/types.h>
| #endif
| #ifdef HAVE_SYS_STAT_H
| # include <sys/stat.h>
| #endif
| #ifdef STDC_HEADERS
| # include <stdlib.h>
| # include <stddef.h>
| #else
| # ifdef HAVE_STDLIB_H
| #  include <stdlib.h>
| # endif
| #endif
| #ifdef HAVE_STRING_H
| # if !defined STDC_HEADERS && defined HAVE_MEMORY_H
| #  include <memory.h>
| # endif
| # include <string.h>
| #endif
| #ifdef HAVE_STRINGS_H
| # include <strings.h>
| #endif
| #ifdef HAVE_INTTYPES_H
| # include <inttypes.h>
| #endif
| #ifdef HAVE_STDINT_H
| # include <stdint.h>
| #endif
| #ifdef HAVE_UNISTD_H
| # include <unistd.h>
| #endif
| #include <file.h>
configure:12113: result: no
configure:12113: checking file.h presence
configure:12113: gcc -E  conftest.c
conftest.c:28:18: fatal error: file.h: No such file or directory
 #include <file.h>
                  ^
compilation terminated.
configure:12113: $? = 1
configure: failed program was:
| /* confdefs.h */
| #define PACKAGE_NAME "CUnit"
| #define PACKAGE_TARNAME "cunit"
| #define PACKAGE_VERSION "2.1-3"
| #define PACKAGE_STRING "CUnit 2.1-3"
| #define PACKAGE_BUGREPORT ""
| #define PACKAGE_URL ""
| #define PACKAGE "CUnit"
| #define VERSION "2.1-3"
| #define STDC_HEADERS 1
| #define HAVE_SYS_TYPES_H 1
| #define HAVE_SYS_STAT_H 1
| #define HAVE_STDLIB_H 1
| #define HAVE_STRING_H 1
| #define HAVE_MEMORY_H 1
| #define HAVE_STRINGS_H 1
| #define HAVE_INTTYPES_H 1
| #define HAVE_STDINT_H 1
| #define HAVE_UNISTD_H 1
| #define HAVE_DLFCN_H 1
| #define LT_OBJDIR ".libs/"
| #define HAVE_LIBC 1
| #define STDC_HEADERS 1
| #define HAVE_ASSERT_H 1
| #define HAVE_CTYPE_H 1
| #define HAVE_MATH_H 1
| /* end confdefs.h.  */
| #include <file.h>
configure:12113: result: no
configure:12113: checking for file.h
configure:12113: result: no
configure:12125: checking stdio.h usability
configure:12125: gcc -c  -DRELEASE=@RELEASE@ -Wall -W -pedantic -Wshadow -ansi -I/home/jens/workspace/CUnit_Testing/CUnit/CUnit/Headers -std=c99  conftest.c >&5
configure:12125: $? = 0
configure:12125: result: yes
configure:12125: checking stdio.h presence
configure:12125: gcc -E  conftest.c
configure:12125: $? = 0
configure:12125: result: yes
configure:12125: checking for stdio.h
configure:12125: result: yes
configure:12137: checking for stdlib.h
configure:12137: result: yes
configure:12149: checking for string.h
configure:12149: result: yes
configure:12163: checking for an ANSI C-conforming const
configure:12229: gcc -c  -DRELEASE=@RELEASE@ -Wall -W -pedantic -Wshadow -ansi -I/home/jens/workspace/CUnit_Testing/CUnit/CUnit/Headers -std=c99  conftest.c >&5
configure:12229: $? = 0
configure:12236: result: yes
configure:12380: checking that generated files are newer than configure
configure:12386: result: done
configure:12433: creating ./config.status

## ---------------------- ##
## Running config.status. ##
## ---------------------- ##

This file was extended by CUnit config.status 2.1-3, which was
generated by GNU Autoconf 2.69.  Invocation command line was

  CONFIG_FILES    = 
  CONFIG_HEADERS  = 
  CONFIG_LINKS    = 
  CONFIG_COMMANDS = 
  $ ./config.status 

on vbcspc51

config.status:1141: creating Jamrules
config.status:1141: creating Makefile
config.status:1141: creating CUnit.spec
config.status:1141: creating cunit.pc
config.status:1141: creating CUnit/Makefile
config.status:1141: creating CUnit/Headers/Makefile
config.status:1141: creating CUnit/Headers/CUnit.h
config.status:1141: creating CUnit/Sources/Makefile
config.status:1141: creating CUnit/Sources/Framework/Makefile
config.status:1141: creating CUnit/Sources/Automated/Makefile
config.status:1141: creating CUnit/Sources/Basic/Makefile
config.status:1141: creating CUnit/Sources/Console/Makefile
config.status:1141: creating CUnit/Sources/Curses/Makefile
config.status:1141: creating CUnit/Sources/Test/Makefile
config.status:1141: creating doc/Makefile
config.status:1141: creating doc/headers/Makefile
config.status:1141: creating Examples/Makefile
config.status:1141: creating Examples/AutomatedTest/Makefile
config.status:1141: creating Examples/BasicTest/Makefile
config.status:1141: creating Examples/ConsoleTest/Makefile
config.status:1141: creating Examples/CursesTest/Makefile
config.status:1141: creating Man/Makefile
config.status:1141: creating Man/man3/Makefile
config.status:1141: creating Share/Makefile
config.status:1141: creating config.h
config.status:1370: executing depfiles commands
config.status:1370: executing libtool commands

## ---------------- ##
## Cache variables. ##
## ---------------- ##

ac_cv_build=x86_64-unknown-linux-gnu
ac_cv_c_compiler_gnu=yes
ac_cv_c_const=yes
ac_cv_env_CC_set=
ac_cv_env_CC_value=
ac_cv_env_CFLAGS_set=
ac_cv_env_CFLAGS_value=
ac_cv_env_CPPFLAGS_set=
ac_cv_env_CPPFLAGS_value=
ac_cv_env_CPP_set=
ac_cv_env_CPP_value=
ac_cv_env_LDFLAGS_set=
ac_cv_env_LDFLAGS_value=
ac_cv_env_LIBS_set=
ac_cv_env_LIBS_value=
ac_cv_env_build_alias_set=
ac_cv_env_build_alias_value=
ac_cv_env_host_alias_set=
ac_cv_env_host_alias_value=
ac_cv_env_target_alias_set=
ac_cv_env_target_alias_value=
ac_cv_func_calloc=yes
ac_cv_func_ctime=yes
ac_cv_func_fclose=yes
ac_cv_func_fopen=yes
ac_cv_func_fprintf=yes
ac_cv_func_free=yes
ac_cv_func_malloc=yes
ac_cv_func_realloc=yes
ac_cv_func_setvbuf=yes
ac_cv_func_snprintf=yes
ac_cv_func_strcpy=yes
ac_cv_func_strerror=yes
ac_cv_func_time=yes
ac_cv_header_assert_h=yes
ac_cv_header_ctype_h=yes
ac_cv_header_dlfcn_h=yes
ac_cv_header_file_h=no
ac_cv_header_inttypes_h=yes
ac_cv_header_math_h=yes
ac_cv_header_memory_h=yes
ac_cv_header_stdc=yes
ac_cv_header_stdint_h=yes
ac_cv_header_stdio_h=yes
ac_cv_header_stdlib_h=yes
ac_cv_header_string_h=yes
ac_cv_header_strings_h=yes
ac_cv_header_sys_stat_h=yes
ac_cv_header_sys_types_h=yes
ac_cv_header_unistd_h=yes
ac_cv_host=x86_64-unknown-linux-gnu
ac_cv_lib_c_main=yes
ac_cv_objext=o
ac_cv_path_EGREP='/bin/grep -E'
ac_cv_path_FGREP='/bin/grep -F'
ac_cv_path_GREP=/bin/grep
ac_cv_path_SED=/bin/sed
ac_cv_path_install='/usr/bin/install -c'
ac_cv_path_mkdir=/bin/mkdir
ac_cv_prog_AWK=mawk
ac_cv_prog_CPP='gcc -E'
ac_cv_prog_ac_ct_AR=ar
ac_cv_prog_ac_ct_CC=gcc
ac_cv_prog_ac_ct_MANIFEST_TOOL=mt
ac_cv_prog_ac_ct_OBJDUMP=objdump
ac_cv_prog_ac_ct_RANLIB=ranlib
ac_cv_prog_ac_ct_STRIP=strip
ac_cv_prog_cc_c89=
ac_cv_prog_cc_g=yes
ac_cv_prog_make_make_set=yes
am_cv_CC_dependencies_compiler_type=gcc3
am_cv_make_support_nested_variables=yes
am_cv_prog_cc_c_o=yes
lt_cv_ar_at_file=@
lt_cv_archive_cmds_need_lc=no
lt_cv_deplibs_check_method=pass_all
lt_cv_file_magic_cmd='$MAGIC_CMD'
lt_cv_file_magic_test_file=
lt_cv_ld_reload_flag=-r
lt_cv_nm_interface='BSD nm'
lt_cv_objdir=.libs
lt_cv_path_LD=/usr/bin/ld
lt_cv_path_NM='/usr/bin/nm -B'
lt_cv_path_mainfest_tool=no
lt_cv_prog_compiler_c_o=yes
lt_cv_prog_compiler_pic='-fPIC -DPIC'
lt_cv_prog_compiler_pic_works=yes
lt_cv_prog_compiler_rtti_exceptions=no
lt_cv_prog_compiler_static_works=yes
lt_cv_prog_gnu_ld=yes
lt_cv_sharedlib_from_linklib_cmd='printf %s\n'
lt_cv_shlibpath_overrides_runpath=no
lt_cv_sys_global_symbol_pipe='sed -n -e '\''s/^.*[	 ]\([ABCDGIRSTW][ABCDGIRSTW]*\)[	 ][	 ]*\([_A-Za-z][_A-Za-z0-9]*\)$/\1 \2 \2/p'\'' | sed '\''/ __gnu_lto/d'\'''
lt_cv_sys_global_symbol_to_c_name_address='sed -n -e '\''s/^: \([^ ]*\)[ ]*$/  {\"\1\", (void *) 0},/p'\'' -e '\''s/^[ABCDGIRSTW]* \([^ ]*\) \([^ ]*\)$/  {"\2", (void *) \&\2},/p'\'''
lt_cv_sys_global_symbol_to_c_name_address_lib_prefix='sed -n -e '\''s/^: \([^ ]*\)[ ]*$/  {\"\1\", (void *) 0},/p'\'' -e '\''s/^[ABCDGIRSTW]* \([^ ]*\) \(lib[^ ]*\)$/  {"\2", (void *) \&\2},/p'\'' -e '\''s/^[ABCDGIRSTW]* \([^ ]*\) \([^ ]*\)$/  {"lib\2", (void *) \&\2},/p'\'''
lt_cv_sys_global_symbol_to_cdecl='sed -n -e '\''s/^T .* \(.*\)$/extern int \1();/p'\'' -e '\''s/^[ABCDGIRSTW]* .* \(.*\)$/extern char \1;/p'\'''
lt_cv_sys_max_cmd_len=3458764513820540925
lt_cv_to_host_file_cmd=func_convert_file_noop
lt_cv_to_tool_file_cmd=func_convert_file_noop

## ----------------- ##
## Output variables. ##
## ----------------- ##

ACLOCAL='aclocal-1.14'
AMDEPBACKSLASH='\'
AMDEP_FALSE='#'
AMDEP_TRUE=''
AMTAR='$${TAR-tar}'
AM_BACKSLASH='\'
AM_DEFAULT_V='$(AM_DEFAULT_VERBOSITY)'
AM_DEFAULT_VERBOSITY='1'
AM_V='$(V)'
AR='ar'
AUTOCONF='autoconf'
AUTOHEADER='autoheader'
AUTOMAKE='automake-1.14'
AWK='mawk'
BUILD_AUTOMATED='TRUE'
BUILD_BASIC='TRUE'
BUILD_CONSOLE='TRUE'
BUILD_CURSES='FALSE'
BUILD_EXAMPLES='FALSE'
BUILD_TEST='FALSE'
CC='gcc'
CCDEPMODE='depmode=gcc3'
CFLAGS=' -DRELEASE=@RELEASE@ -Wall -W -pedantic -Wshadow -ansi -I/home/jens/workspace/CUnit_Testing/CUnit/CUnit/Headers -std=c99'
CPP='gcc -E'
CPPFLAGS=''
CURSES_LIB=''
CYGPATH_W='echo'
DEFS='-DHAVE_CONFIG_H'
DEPDIR='.deps'
DLLTOOL='false'
DSYMUTIL=''
DUMPBIN=''
ECHO_C=''
ECHO_N='-n'
ECHO_T=''
EGREP='/bin/grep -E'
ENABLE_AUTOMATED_FALSE='#'
ENABLE_AUTOMATED_TRUE=''
ENABLE_BASIC_FALSE='#'
ENABLE_BASIC_TRUE=''
ENABLE_CONSOLE_FALSE='#'
ENABLE_CONSOLE_TRUE=''
ENABLE_CURSES_FALSE=''
ENABLE_CURSES_TRUE='#'
ENABLE_DEBUG='FALSE'
ENABLE_DEPRECATED='FALSE'
ENABLE_EXAMPLES_FALSE=''
ENABLE_EXAMPLES_TRUE='#'
ENABLE_MEMTRACE='FALSE'
ENABLE_TEST_FALSE=''
ENABLE_TEST_TRUE='#'
EXEEXT=''
FGREP='/bin/grep -F'
GREP='/bin/grep'
INSTALL_DATA='${INSTALL} -m 644'
INSTALL_PROGRAM='${INSTALL}'
INSTALL_SCRIPT='${INSTALL}'
INSTALL_STRIP_PROGRAM='$(install_sh) -c -s'
LD='/usr/bin/ld -m elf_x86_64'
LDFLAGS=' -L/home/jens/workspace/CUnit_Testing/CUnit/CUnit/Sources'
LIBOBJS=''
LIBS='-lc '
LIBTOOL='$(SHELL) $(top_builddir)/libtool'
LIBTOOL_AGE='0'
LIBTOOL_CURRENT='1'
LIBTOOL_REVISION='1'
LIBTOOL_SUFFIX1='1'
LIBTOOL_SUFFIX='1.0.1'
LIPO=''
LN_S='ln -s'
LTLIBOBJS=''
MAKEINFO='makeinfo'
MANIFEST_TOOL=':'
MKDIR_P='/bin/mkdir -p'
NM='/usr/bin/nm -B'
NMEDIT=''
OBJDUMP='objdump'
OBJEXT='o'
OTOOL64=''
OTOOL=''
PACKAGE='CUnit'
PACKAGE_BUGREPORT=''
PACKAGE_NAME='CUnit'
PACKAGE_STRING='CUnit 2.1-3'
PACKAGE_TARNAME='cunit'
PACKAGE_URL=''
PACKAGE_VERSION='2.1-3'
PATH_SEPARATOR=':'
RANLIB='ranlib'
RELEASE='3'
SED='/bin/sed'
SET_MAKE=''
SHELL='/bin/bash'
STRIP='strip'
VERSION='2.1'
VERSION_MAJOR='2'
VERSION_MINOR='1'
ac_ct_AR='ar'
ac_ct_CC='gcc'
ac_ct_DUMPBIN=''
am__EXEEXT_FALSE=''
am__EXEEXT_TRUE='#'
am__fastdepCC_FALSE='#'
am__fastdepCC_TRUE=''
am__include='include'
am__isrc=''
am__leading_dot='.'
am__nodep='_no'
am__quote=''
am__tar='$${TAR-tar} chof - "$$tardir"'
am__untar='$${TAR-tar} xf -'
bindir='${exec_prefix}/bin'
build='x86_64-unknown-linux-gnu'
build_alias=''
build_cpu='x86_64'
build_os='linux-gnu'
build_vendor='unknown'
datadir='${datarootdir}'
datarootdir='${prefix}/share'
docdir='${datarootdir}/doc/${PACKAGE_TARNAME}'
dvidir='${docdir}'
exec_prefix='${prefix}'
host='x86_64-unknown-linux-gnu'
host_alias=''
host_cpu='x86_64'
host_os='linux-gnu'
host_vendor='unknown'
htmldir='${docdir}'
includedir='${prefix}/include'
infodir='${datarootdir}/info'
install_sh='${SHELL} /home/jens/workspace/CUnit_Testing/CUnit/install-sh'
libdir='${exec_prefix}/lib'
libexecdir='${exec_prefix}/libexec'
localedir='${datarootdir}/locale'
localstatedir='${prefix}/var'
mandir='${datarootdir}/man'
mkdir_p='$(MKDIR_P)'
oldincludedir='/usr/include'
pdfdir='${docdir}'
prefix='/usr/local'
program_transform_name='s,x,x,'
psdir='${docdir}'
sbindir='${exec_prefix}/sbin'
sharedstatedir='${prefix}/com'
sysconfdir='${prefix}/etc'
target_alias=''

## ----------- ##
## confdefs.h. ##
## ----------- ##

/* confdefs.h */
#define PACKAGE_NAME "CUnit"
#define PACKAGE_TARNAME "cunit"
#define PACKAGE_VERSION "2.1-3"
#define PACKAGE_STRING "CUnit 2.1-3"
#define PACKAGE_BUGREPORT ""
#define PACKAGE_URL ""
#define PACKAGE "CUnit"
#define VERSION "2.1-3"
#define STDC_HEADERS 1
#define HAVE_SYS_TYPES_H 1
#define HAVE_SYS_STAT_H 1
#define HAVE_STDLIB_H 1
#define HAVE_STRING_H 1
#define HAVE_MEMORY_H 1
#define HAVE_STRINGS_H 1
#define HAVE_INTTYPES_H 1
#define HAVE_STDINT_H 1
#define HAVE_UNISTD_H 1
#define HAVE_DLFCN_H 1
#define LT_OBJDIR ".libs/"
#define HAVE_LIBC 1
#define STDC_HEADERS 1
#define HAVE_ASSERT_H 1
#define HAVE_CTYPE_H 1
#define HAVE_MATH_H 1
#define HAVE_STDIO_H 1
#define HAVE_STDLIB_H 1
#define HAVE_STRING_H 1

configure: exit 0

## ---------------------- ##
## Running config.status. ##
## ---------------------- ##

This file was extended by CUnit config.status 2.1-3, which was
generated by GNU Autoconf 2.69.  Invocation command line was

  CONFIG_FILES    = 
  CONFIG_HEADERS  = 
  CONFIG_LINKS    = 
  CONFIG_COMMANDS = 
  $ ./config.status config.h

on vbcspc51

config.status:1141: creating config.h
config.status:1322: config.h is unchanged
